INFO Thread-1 com.baris.hook.hook - senaryo başlıyor
DEBUG Thread-1 io.netty.util.internal.logging.InternalLoggerFactory - Using Log4J as the default logging framework
DEBUG Thread-1 io.netty.util.ResourceLeakDetector - -Dio.netty.leakDetection.level: simple
DEBUG Thread-1 io.netty.util.ResourceLeakDetector - -Dio.netty.leakDetection.targetRecords: 4
DEBUG Thread-1 io.netty.util.ResourceLeakDetectorFactory - Loaded default ResourceLeakDetector: io.netty.util.ResourceLeakDetector@779a82dd
DEBUG Thread-1 io.netty.util.internal.PlatformDependent - Platform: MacOS
DEBUG Thread-1 io.netty.util.internal.PlatformDependent0 - -Dio.netty.noUnsafe: false
DEBUG Thread-1 io.netty.util.internal.PlatformDependent0 - Java version: 8
DEBUG Thread-1 io.netty.util.internal.PlatformDependent0 - sun.misc.Unsafe.theUnsafe: available
DEBUG Thread-1 io.netty.util.internal.PlatformDependent0 - sun.misc.Unsafe.copyMemory: available
DEBUG Thread-1 io.netty.util.internal.PlatformDependent0 - java.nio.Buffer.address: available
DEBUG Thread-1 io.netty.util.internal.PlatformDependent0 - direct buffer constructor: available
DEBUG Thread-1 io.netty.util.internal.PlatformDependent0 - java.nio.Bits.unaligned: available, true
DEBUG Thread-1 io.netty.util.internal.PlatformDependent0 - jdk.internal.misc.Unsafe.allocateUninitializedArray(int): unavailable prior to Java9
DEBUG Thread-1 io.netty.util.internal.PlatformDependent0 - java.nio.DirectByteBuffer.<init>(long, int): available
DEBUG Thread-1 io.netty.util.internal.PlatformDependent - sun.misc.Unsafe: available
DEBUG Thread-1 io.netty.util.internal.PlatformDependent - -Dio.netty.tmpdir: /var/folders/_3/rx_wwjfs2kg67kjvqz2fq0l40000gq/T (java.io.tmpdir)
DEBUG Thread-1 io.netty.util.internal.PlatformDependent - -Dio.netty.bitMode: 64 (sun.arch.data.model)
DEBUG Thread-1 io.netty.util.internal.PlatformDependent - -Dio.netty.maxDirectMemory: 1908932608 bytes
DEBUG Thread-1 io.netty.util.internal.PlatformDependent - -Dio.netty.uninitializedArrayAllocationThreshold: -1
DEBUG Thread-1 io.netty.util.internal.CleanerJava6 - java.nio.ByteBuffer.cleaner(): available
DEBUG Thread-1 io.netty.util.internal.PlatformDependent - -Dio.netty.noPreferDirect: false
DEBUG Thread-1 io.netty.util.internal.PlatformDependent - org.jctools-core.MpscChunkedArrayQueue: available
DEBUG Thread-1 io.netty.handler.ssl.JdkSslContext - Default protocols (JDK): [TLSv1.2, TLSv1.1, TLSv1] 
DEBUG Thread-1 io.netty.handler.ssl.JdkSslContext - Default cipher suites (JDK): [TLS_ECDHE_ECDSA_WITH_AES_256_GCM_SHA384, TLS_ECDHE_ECDSA_WITH_AES_128_GCM_SHA256, TLS_ECDHE_RSA_WITH_AES_128_GCM_SHA256, TLS_ECDHE_RSA_WITH_AES_256_GCM_SHA384, TLS_ECDHE_RSA_WITH_AES_128_CBC_SHA, TLS_ECDHE_RSA_WITH_AES_256_CBC_SHA, TLS_RSA_WITH_AES_128_GCM_SHA256, TLS_RSA_WITH_AES_128_CBC_SHA, TLS_RSA_WITH_AES_256_CBC_SHA]
DEBUG Thread-1 io.netty.util.internal.InternalThreadLocalMap - -Dio.netty.threadLocalMap.stringBuilder.initialSize: 1024
DEBUG Thread-1 io.netty.util.internal.InternalThreadLocalMap - -Dio.netty.threadLocalMap.stringBuilder.maxSize: 4096
DEBUG Thread-1 io.netty.channel.MultithreadEventLoopGroup - -Dio.netty.eventLoopThreads: 8
DEBUG Thread-1 io.netty.channel.nio.NioEventLoop - -Dio.netty.noKeySetOptimization: false
DEBUG Thread-1 io.netty.channel.nio.NioEventLoop - -Dio.netty.selectorAutoRebuildThreshold: 512
DEBUG Thread-1 io.netty.buffer.PooledByteBufAllocator - -Dio.netty.allocator.numHeapArenas: 8
DEBUG Thread-1 io.netty.buffer.PooledByteBufAllocator - -Dio.netty.allocator.numDirectArenas: 8
DEBUG Thread-1 io.netty.buffer.PooledByteBufAllocator - -Dio.netty.allocator.pageSize: 8192
DEBUG Thread-1 io.netty.buffer.PooledByteBufAllocator - -Dio.netty.allocator.maxOrder: 11
DEBUG Thread-1 io.netty.buffer.PooledByteBufAllocator - -Dio.netty.allocator.chunkSize: 16777216
DEBUG Thread-1 io.netty.buffer.PooledByteBufAllocator - -Dio.netty.allocator.tinyCacheSize: 512
DEBUG Thread-1 io.netty.buffer.PooledByteBufAllocator - -Dio.netty.allocator.smallCacheSize: 256
DEBUG Thread-1 io.netty.buffer.PooledByteBufAllocator - -Dio.netty.allocator.normalCacheSize: 64
DEBUG Thread-1 io.netty.buffer.PooledByteBufAllocator - -Dio.netty.allocator.maxCachedBufferCapacity: 32768
DEBUG Thread-1 io.netty.buffer.PooledByteBufAllocator - -Dio.netty.allocator.cacheTrimInterval: 8192
DEBUG Thread-1 io.netty.buffer.PooledByteBufAllocator - -Dio.netty.allocator.cacheTrimIntervalMillis: 0
DEBUG Thread-1 io.netty.buffer.PooledByteBufAllocator - -Dio.netty.allocator.useCacheForAllThreads: true
DEBUG Thread-1 io.netty.buffer.PooledByteBufAllocator - -Dio.netty.allocator.maxCachedByteBuffersPerChunk: 1023
DEBUG Thread-1 io.netty.buffer.ByteBufUtil - -Dio.netty.allocator.type: pooled
DEBUG Thread-1 io.netty.buffer.ByteBufUtil - -Dio.netty.threadLocalDirectBufferSize: 0
DEBUG Thread-1 io.netty.buffer.ByteBufUtil - -Dio.netty.maxThreadLocalCharBufferSize: 16384
DEBUG Forwarding newSession on session null to remote io.netty.channel.DefaultChannelId - -Dio.netty.processId: 23074 (auto-detected)
DEBUG Forwarding newSession on session null to remote io.netty.util.NetUtil - -Djava.net.preferIPv4Stack: false
DEBUG Forwarding newSession on session null to remote io.netty.util.NetUtil - -Djava.net.preferIPv6Addresses: false
DEBUG Forwarding newSession on session null to remote io.netty.util.NetUtil - Loopback interface: lo0 (lo0, 0:0:0:0:0:0:0:1%lo0)
DEBUG Forwarding newSession on session null to remote io.netty.util.NetUtil - Failed to get SOMAXCONN from sysctl and file /proc/sys/net/core/somaxconn. Default: 128
DEBUG Forwarding newSession on session null to remote io.netty.channel.DefaultChannelId - -Dio.netty.machineId: 38:f9:d3:ff:fe:5f:62:3b (auto-detected)
DEBUG AsyncHttpClient-3-1 io.netty.buffer.AbstractByteBuf - -Dio.netty.buffer.checkAccessible: true
DEBUG AsyncHttpClient-3-1 io.netty.buffer.AbstractByteBuf - -Dio.netty.buffer.checkBounds: true
DEBUG AsyncHttpClient-3-1 io.netty.util.ResourceLeakDetectorFactory - Loaded default ResourceLeakDetector: io.netty.util.ResourceLeakDetector@6c2b81e4
DEBUG AsyncHttpClient-3-1 io.netty.util.Recycler - -Dio.netty.recycler.maxCapacityPerThread: 4096
DEBUG AsyncHttpClient-3-1 io.netty.util.Recycler - -Dio.netty.recycler.maxSharedCapacityFactor: 2
DEBUG AsyncHttpClient-3-1 io.netty.util.Recycler - -Dio.netty.recycler.linkCapacity: 16
DEBUG AsyncHttpClient-3-1 io.netty.util.Recycler - -Dio.netty.recycler.ratio: 8
DEBUG Thread-1 io.netty.util.internal.ThreadLocalRandom - -Dio.netty.initialSeedUniquifier: 0x2ca64185aae71a8c
